#-----------------------------------------------------------
# Vivado v2018.2 (64-bit)
# SW Build 2258646 on Thu Jun 14 20:02:38 MDT 2018
# IP Build 2256618 on Thu Jun 14 22:10:49 MDT 2018
# Start of session at: Mon Feb 15 16:57:46 2021
# Process ID: 149685
# Current directory: /homes/abaghdad/fatima/sobel
# Command line: vivado
# Log file: /homes/abaghdad/fatima/sobel/vivado.log
# Journal file: /homes/abaghdad/fatima/sobel/vivado.jou
#-----------------------------------------------------------
start_gui
open_project /homes/abaghdad/fatima/sobel/sobel.xpr
INFO: [Project 1-313] Project file moved from '/home/orcad/Téléchargements/sobel' since last save.
Scanning sources...
Finished scanning sources
INFO: [IP_Flow 19-234] Refreshing IP repositories
INFO: [IP_Flow 19-1704] No user IP repositories specified
INFO: [IP_Flow 19-2313] Loaded Vivado IP repository '/opt/img/Vivado2018.2/Vivado/2018.2/data/ip'.
WARNING: [IP_Flow 19-2162] IP 'clk_wiz_vga_25MHz' is locked:
* IP definition 'Clocking Wizard (6.0)' for IP 'clk_wiz_vga_25MHz' (customized with software release 2018.1) has a different revision in the IP Catalog.
Please select 'Report IP Status' from the 'Tools/Report' menu or run Tcl command 'report_ip_status' for more information.
update_compile_order -fileset sources_1
set_property SOURCE_SET sources_1 [get_filesets sim_1]
add_files -fileset sim_1 -norecurse {/homes/abaghdad/fatima/sobel/sources/tb_automate.vhd /homes/abaghdad/fatima/sobel/sources/tb_operativeUnit.vhd /homes/abaghdad/fatima/sobel/sources/tb_gradientUnit.vhd /homes/abaghdad/fatima/sobel/sources/tb_adrgenUnit.vhd}
WARNING: [filemgmt 56-12] File '/homes/abaghdad/fatima/sobel/sources/tb_gradientUnit.vhd' cannot be added to the project because it already exists in the project, skipping this file
update_compile_order -fileset sim_1
add_files -norecurse /homes/abaghdad/fatima/sobel/sources/dancing_spider.txt
close_project
open_project /homes/abaghdad/fatima/sobel/sobel.xpr
Scanning sources...
Finished scanning sources
INFO: [IP_Flow 19-234] Refreshing IP repositories
INFO: [IP_Flow 19-1704] No user IP repositories specified
INFO: [IP_Flow 19-2313] Loaded Vivado IP repository '/opt/img/Vivado2018.2/Vivado/2018.2/data/ip'.
WARNING: [IP_Flow 19-2162] IP 'clk_wiz_vga_25MHz' is locked:
* IP definition 'Clocking Wizard (6.0)' for IP 'clk_wiz_vga_25MHz' (customized with software release 2018.1) has a different revision in the IP Catalog.
Please select 'Report IP Status' from the 'Tools/Report' menu or run Tcl command 'report_ip_status' for more information.
update_compile_order -fileset sources_1
close_project
exit
INFO: [Common 17-206] Exiting Vivado at Mon Feb 15 17:05:25 2021...
